SF:lib\data\model\user.dart
DA:10,20
DA:33,2
DA:36,4
DA:38,3
DA:39,15
LF:5
LH:5
end_of_record
SF:lib\app\bloc\app_event.dart
DA:4,19
DA:9,19
DA:14,1
LF:3
LH:3
end_of_record
SF:lib\app\bloc\app_state.dart
DA:9,22
DA:14,4
DA:15,4
DA:17,22
DA:22,1
DA:23,3
LF:6
LH:6
end_of_record
SF:lib\app\bloc\app_bloc.dart
DA:16,2
DA:18,2
DA:19,4
DA:20,2
DA:23,4
DA:24,4
DA:28,8
DA:29,3
DA:36,1
DA:37,1
DA:38,2
DA:39,2
DA:44,1
DA:45,3
DA:48,2
DA:50,4
DA:51,2
LF:17
LH:17
end_of_record
SF:lib\app\routes\routes.dart
DA:6,2
DA:11,2
DA:12,4
DA:13,2
DA:14,4
LF:5
LH:5
end_of_record
SF:lib\app\view\app.dart
DA:10,1
DA:17,1
DA:19,1
DA:20,1
DA:21,1
DA:22,2
DA:23,1
DA:25,1
DA:29,1
DA:38,18
DA:40,1
DA:42,1
DA:43,1
DA:45,1
DA:46,4
LF:15
LH:15
end_of_record
SF:lib\data\repository\authentication_repository.dart
DA:19,18
DA:26,0
DA:28,0
DA:32,0
DA:36,0
DA:40,0
DA:44,0
DA:63,18
DA:69,0
DA:71,0
DA:75,0
DA:79,0
DA:83,0
DA:102,18
DA:108,0
DA:110,0
DA:114,0
DA:118,0
DA:122,0
DA:126,0
DA:130,0
DA:134,0
DA:138,0
DA:159,1
DA:163,1
DA:164,1
DA:165,1
DA:186,1
DA:187,4
DA:188,1
DA:189,2
DA:196,1
DA:197,2
DA:203,1
DA:205,2
DA:209,1
DA:210,0
DA:219,1
DA:222,1
DA:223,1
DA:224,2
DA:227,1
DA:229,2
DA:230,1
DA:231,1
DA:232,1
DA:233,1
DA:237,2
DA:238,1
DA:239,0
DA:248,1
DA:253,2
DA:257,1
DA:258,0
DA:268,1
DA:270,2
DA:271,2
DA:272,2
DA:275,1
DA:282,1
DA:283,5
LF:61
LH:38
end_of_record
SF:lib\presentation\theme\theme.dart
DA:7,3
DA:9,1
DA:10,1
DA:18,1
DA:19,1
DA:20,1
LF:6
LH:6
end_of_record
SF:lib\data\cache\cache.dart
DA:10,4
DA:15,1
DA:16,2
DA:21,1
DA:22,2
DA:23,1
LF:6
LH:6
end_of_record
SF:lib\domain\form_inputs\confirmed_password.dart
DA:15,17
DA:18,3
DA:19,1
DA:24,1
DA:26,2
LF:5
LH:5
end_of_record
SF:lib\domain\form_inputs\email.dart
DA:14,34
DA:17,8
DA:19,6
DA:23,2
DA:25,4
LF:5
LH:5
end_of_record
SF:lib\domain\form_inputs\password.dart
DA:14,34
DA:17,8
DA:19,4
DA:20,2
DA:22,2
DA:24,4
LF:6
LH:6
end_of_record
SF:lib\presentation\home\view\home_page.dart
DA:11,18
DA:13,2
DA:15,2
DA:17,4
DA:18,8
DA:19,2
DA:20,2
DA:22,2
DA:23,2
DA:26,1
DA:27,2
DA:32,2
DA:34,2
DA:36,2
DA:37,4
DA:39,6
DA:41,6
LF:17
LH:17
end_of_record
SF:lib\presentation\home\widgets\avatar.dart
DA:6,3
DA:10,3
DA:12,3
DA:13,3
DA:15,1
LF:5
LH:5
end_of_record
SF:lib\presentation\login\cubit\login_state.dart
DA:4,22
DA:18,2
DA:19,12
DA:21,2
DA:28,2
DA:29,2
DA:30,2
DA:31,2
DA:32,2
DA:33,2
LF:10
LH:10
end_of_record
SF:lib\presentation\login\cubit\login_cubit.dart
DA:18,6
DA:22,1
DA:23,1
DA:24,1
DA:25,2
DA:27,4
DA:32,1
DA:33,1
DA:34,1
DA:35,2
DA:37,4
DA:42,1
DA:43,2
DA:44,3
DA:46,2
DA:47,3
DA:48,3
DA:50,3
DA:51,1
DA:52,1
DA:53,2
DA:54,1
DA:59,3
DA:63,1
DA:64,3
DA:66,2
DA:67,3
DA:68,1
DA:69,1
DA:70,2
DA:71,1
DA:76,3
LF:32
LH:32
end_of_record
SF:lib\presentation\login\view\login_form.dart
DA:12,18
DA:14,3
DA:16,3
DA:17,1
DA:18,2
DA:19,1
DA:20,1
DA:21,1
DA:22,1
DA:23,2
DA:28,3
DA:30,3
DA:31,3
DA:33,3
DA:34,3
DA:39,3
DA:41,3
DA:43,3
DA:45,3
DA:47,3
DA:57,3
DA:59,3
DA:60,4
DA:61,3
DA:62,3
DA:64,3
DA:66,3
DA:70,6
DA:79,3
DA:81,3
DA:82,4
DA:83,3
DA:84,3
DA:86,1
DA:87,2
DA:89,3
DA:93,6
DA:102,3
DA:104,3
DA:105,3
DA:106,6
DA:108,3
DA:110,3
DA:111,3
DA:112,3
DA:116,3
DA:117,3
DA:127,3
DA:129,3
DA:130,3
DA:136,3
DA:137,3
DA:138,3
DA:140,6
DA:143,3
DA:149,3
DA:151,3
DA:152,3
DA:154,4
DA:155,3
DA:157,6
LF:61
LH:61
end_of_record
SF:lib\presentation\login\view\login_page.dart
DA:9,18
DA:11,3
DA:13,2
DA:15,2
DA:16,2
DA:17,2
DA:19,2
DA:20,6
LF:8
LH:8
end_of_record
SF:lib\presentation\sign_up\cubit\sign_up_cubit.dart
DA:15,6
DA:19,1
DA:20,1
DA:21,1
DA:22,2
DA:24,2
DA:26,2
DA:27,2
DA:33,1
DA:34,1
DA:35,1
DA:36,1
DA:37,3
DA:39,1
DA:40,2
DA:43,2
DA:44,2
DA:52,1
DA:53,1
DA:54,3
DA:57,1
DA:58,2
DA:60,2
DA:61,2
DA:62,2
DA:69,1
DA:70,2
DA:71,3
DA:73,2
DA:74,3
DA:75,3
DA:77,3
DA:78,1
DA:79,1
DA:80,2
DA:81,1
DA:86,3
LF:37
LH:37
end_of_record
SF:lib\presentation\sign_up\cubit\sign_up_state.dart
DA:6,22
DA:22,2
DA:23,2
DA:24,2
DA:25,2
DA:26,2
DA:27,2
DA:28,2
DA:29,2
DA:32,2
DA:40,2
DA:41,2
DA:42,2
DA:43,2
DA:44,2
DA:45,2
DA:46,2
LF:17
LH:17
end_of_record
SF:lib\presentation\sign_up\view\sign_up_form.dart
DA:10,18
DA:12,3
DA:14,3
DA:15,1
DA:16,2
DA:17,2
DA:18,2
DA:19,1
DA:20,1
DA:21,1
DA:22,3
DA:26,3
DA:28,3
DA:30,3
DA:31,3
DA:33,3
DA:35,3
DA:37,3
DA:46,3
DA:48,3
DA:49,4
DA:50,3
DA:51,3
DA:53,3
DA:55,3
DA:59,6
DA:68,3
DA:70,3
DA:71,4
DA:72,3
DA:73,3
DA:75,1
DA:76,2
DA:78,3
DA:82,6
DA:91,3
DA:93,3
DA:94,1
DA:95,3
DA:96,3
DA:97,3
DA:98,3
DA:100,1
DA:101,1
DA:102,1
DA:104,3
DA:107,6
DA:118,3
DA:120,3
DA:121,3
DA:122,6
DA:124,3
DA:126,3
DA:127,3
DA:128,3
DA:132,3
DA:133,3
LF:57
LH:57
end_of_record
SF:lib\presentation\sign_up\view\sign_up_page.dart
DA:9,18
DA:11,2
DA:12,3
DA:15,2
DA:17,2
DA:18,2
DA:19,2
DA:21,2
DA:22,6
LF:9
LH:9
end_of_record
SF:lib\presentation\theme\text_styles.dart
DA:6,3
DA:7,1
LF:2
LH:2
end_of_record
